This file contains any messages produced by compilers while
running configure, to aid debugging if configure makes a mistake.

It was created by configure, which was
generated by GNU Autoconf 2.69.  Invocation command line was

  $ ./configure --with-emacs=/usr/bin/emacs

## --------- ##
## Platform. ##
## --------- ##

hostname = whale-virtual-machine
uname -m = x86_64
uname -r = 4.9.0-040900-lowlatency
uname -s = Linux
uname -v = #201612111631 SMP PREEMPT Sun Dec 11 21:39:11 UTC 2016

/usr/bin/uname -p = unknown
/bin/uname -X     = unknown

/bin/arch              = unknown
/usr/bin/arch -k       = unknown
/usr/convex/getsysinfo = unknown
/usr/bin/hostinfo      = unknown
/bin/machine           = unknown
/usr/bin/oslevel       = unknown
/bin/universe          = unknown

PATH: /home/whale/.nvm/versions/node/v7.4.0/bin
PATH: /home/whale/.local/bin
PATH: /usr/local/sbin
PATH: /usr/local/bin
PATH: /usr/sbin
PATH: /usr/bin
PATH: /sbin
PATH: /bin
PATH: /usr/games
PATH: /usr/local/games
PATH: /home/whale/.rvm/bin
PATH: /home/whale/.rvm/bin


## ----------- ##
## Core tests. ##
## ----------- ##

configure:1720: checking whether make sets $(MAKE)
configure:1742: result: yes
configure:1794: checking for a BSD-compatible install
configure:1862: result: /usr/bin/install -c
configure:1875: checking for makeinfo
configure:1891: found /usr/bin/makeinfo
configure:1903: result: makeinfo
configure:1913: checking for texi2dvi
configure:1929: found /usr/bin/texi2dvi
configure:1941: result: texi2dvi
configure:1951: checking for ptex
configure:1967: found /usr/bin/ptex
configure:1979: result: ptex
configure:1991: checking for pbibtex
configure:2007: found /usr/bin/pbibtex
configure:2018: result: pbibtex
configure:2032: checking for dvipdfmx
configure:2048: found /usr/bin/dvipdfmx
configure:2060: result: dvipdfmx
configure:2070: checking for texi2pdf
configure:2086: found /usr/bin/texi2pdf
configure:2098: result: texi2pdf
configure:2110: checking for egrep
configure:2126: found /bin/egrep
configure:2137: result: egrep
configure:2150: checking for cygpath
configure:2178: result: no
configure:2244: checking for /usr/bin/emacs
configure:2275: result: /usr/bin/emacs
configure:2437: checking what a flavor does /usr/bin/emacs have
=> Emacs 24.5
configure:2480: result: Emacs 24.5
configure:2492: checking prefix for /usr/bin/emacs
=> /usr
configure:2525: result: /usr
configure:2533: checking where lisp files should go
configure:2555: result: $(prefix)/share/emacs/site-lisp/w3m/
configure:2715: checking where icon files should go
=> $(prefix)/share/emacs/24.5/etc/images/w3m
configure:2761: result: $(prefix)/share/emacs/24.5/etc/images/w3m
configure:2807: checking for gzip
configure:2825: found /bin/gzip
configure:2837: result: /bin/gzip
configure:3018: creating ./config.status

## ---------------------- ##
## Running config.status. ##
## ---------------------- ##

This file was extended by config.status, which was
generated by GNU Autoconf 2.69.  Invocation command line was

  CONFIG_FILES    = 
  CONFIG_HEADERS  = 
  CONFIG_LINKS    = 
  CONFIG_COMMANDS = 
  $ ./config.status 

on whale-virtual-machine

config.status:735: creating Makefile
config.status:735: creating doc/Makefile

## ---------------- ##
## Cache variables. ##
## ---------------- ##

EMACS_cv_SYS_flavor='Emacs 24.5'
EMACS_cv_SYS_icondir='$(prefix)/share/emacs/24.5/etc/images/w3m'
EMACS_cv_SYS_prefix=/usr
ac_cv_env_build_alias_set=
ac_cv_env_build_alias_value=
ac_cv_env_host_alias_set=
ac_cv_env_host_alias_value=
ac_cv_env_target_alias_set=
ac_cv_env_target_alias_value=
ac_cv_path_EMACS=/usr/bin/emacs
ac_cv_path_GZIP_PROG=/bin/gzip
ac_cv_path_install='/usr/bin/install -c'
ac_cv_prog_CYGPATH=no
ac_cv_prog_DVIPDFMX=dvipdfmx
ac_cv_prog_EGREP=egrep
ac_cv_prog_MAKEINFO=makeinfo
ac_cv_prog_PBIBTEX=pbibtex
ac_cv_prog_PTEX=ptex
ac_cv_prog_TEXI2DVI=texi2dvi
ac_cv_prog_TEXI2PDF=texi2pdf
ac_cv_prog_make_make_set=yes

## ----------------- ##
## Output variables. ##
## ----------------- ##

ADDITIONAL_LOAD_PATH='NONE'
COMPRESS_INSTALL='yes'
CYGPATH='no'
DEFS='-DPACKAGE_NAME=\"\" -DPACKAGE_TARNAME=\"\" -DPACKAGE_VERSION=\"\" -DPACKAGE_STRING=\"\" -DPACKAGE_BUGREPORT=\"\" -DPACKAGE_URL=\"\"'
DVIPDFMX='dvipdfmx'
ECHO_C=''
ECHO_N='-n'
ECHO_T=''
EGREP='egrep'
EMACS='/usr/bin/emacs'
GZIP_PROG='/bin/gzip'
ICONDIR='$(prefix)/share/emacs/24.5/etc/images/w3m'
INSTALL_DATA='${INSTALL} -m 644'
INSTALL_PROGRAM='${INSTALL}'
INSTALL_SCRIPT='${INSTALL}'
LIBOBJS=''
LIBS=''
LTLIBOBJS=''
MAKEINFO='makeinfo'
PACKAGEDIR='NONE'
PACKAGE_BUGREPORT=''
PACKAGE_NAME=''
PACKAGE_STRING=''
PACKAGE_TARNAME=''
PACKAGE_URL=''
PACKAGE_VERSION=''
PATH_SEPARATOR=':'
PBIBTEX='pbibtex'
PTEX='ptex'
SET_MAKE=''
SHELL='/bin/bash'
TEXI2DVI='texi2dvi'
TEXI2PDF='texi2pdf'
VANILLA_FLAG='-q -no-site-file'
XEMACSDEBUG=''
bindir='${exec_prefix}/bin'
build_alias=''
datadir='${datarootdir}'
datarootdir='${prefix}/share'
docdir='${datarootdir}/doc/${PACKAGE}'
dvidir='${docdir}'
exec_prefix='${prefix}'
host_alias=''
htmldir='${docdir}'
includedir='${prefix}/include'
infodir='${datarootdir}/info'
libdir='${exec_prefix}/lib'
libexecdir='${exec_prefix}/libexec'
lispdir='$(prefix)/share/emacs/site-lisp/w3m'
localedir='${datarootdir}/locale'
localstatedir='${prefix}/var'
mandir='${datarootdir}/man'
oldincludedir='/usr/include'
pdfdir='${docdir}'
prefix='/usr'
program_transform_name='s,x,x,'
psdir='${docdir}'
runstatedir='${localstatedir}/run'
sbindir='${exec_prefix}/sbin'
sharedstatedir='${prefix}/com'
sysconfdir='${prefix}/etc'
target_alias=''

## ----------- ##
## confdefs.h. ##
## ----------- ##

/* confdefs.h */
#define PACKAGE_NAME ""
#define PACKAGE_TARNAME ""
#define PACKAGE_VERSION ""
#define PACKAGE_STRING ""
#define PACKAGE_BUGREPORT ""
#define PACKAGE_URL ""

configure: exit 0
