This file contains any messages produced by compilers while
running configure, to aid debugging if configure makes a mistake.

It was created by auctex configure 11.87, which was
generated by GNU Autoconf 2.69.  Invocation command line was

  $ ./configure --without-texmf-dir --with-lispdir=/home/kouga/.emacs.d/el-get/auctex --with-emacs=/usr/bin/emacs

## --------- ##
## Platform. ##
## --------- ##

hostname = kouga-arch
uname -m = x86_64
uname -r = 3.15.3-1-ARCH
uname -s = Linux
uname -v = #1 SMP PREEMPT Tue Jul 1 07:32:45 CEST 2014

/usr/bin/uname -p = unknown
/bin/uname -X     = unknown

/bin/arch              = unknown
/usr/bin/arch -k       = unknown
/usr/convex/getsysinfo = unknown
/usr/bin/hostinfo      = unknown
/bin/machine           = unknown
/usr/bin/oslevel       = unknown
/bin/universe          = unknown

PATH: /home/kouga/.gem/ruby/2.1.0/bin/
PATH: /opt/java/bin/
PATH: /opt/bin32-jre/bin
PATH: /usr/local/sbin
PATH: /usr/local/bin
PATH: /usr/bin
PATH: /opt/android-sdk/platform-tools
PATH: /opt/android-sdk/tools
PATH: /opt/java/bin
PATH: /opt/java/db/bin
PATH: /opt/java/jre/bin
PATH: /usr/bin/vendor_perl
PATH: /usr/bin/core_perl


## ----------- ##
## Core tests. ##
## ----------- ##

configure:1759: checking for make
configure:1775: found /usr/bin/make
configure:1786: result: make
configure:1802: checking whether make sets $(MAKE)
configure:1824: result: yes
configure:1876: checking for a BSD-compatible install
configure:1944: result: /usr/bin/install -c
configure:1957: checking for date in ChangeLog
configure:1964: result: 2013-06-06
configure:1966: checking for release in ChangeLog
configure:1972: result: not found, using 2013-06-06 instead
configure:2026: checking for /usr/bin/emacs
configure:2056: result: /usr/bin/emacs
configure:2072: checking if /usr/bin/emacs is XEmacs
/usr/bin/emacs -batch -no-site-file -eval (let* ((x (if (featurep (quote xemacs)) "yes" "no"))) (write-region (if (stringp x) x (prin1-to-string x)) nil "./conftest-5945"))
Wrote /home/kouga/.emacs.d/el-get/auctex/conftest-5945
=> no
configure:2092: result: no
configure:2096: checking for Emacs prefix
/usr/bin/emacs -batch -no-site-file -eval (let* ((cmd(pop command-line-args-left))(x (condition-case nil (let*
    ((prefix (directory-file-name (file-name-directory (executable-find cmd))))
     (parent (directory-file-name (file-name-directory prefix))))
    (if (string= (file-name-nondirectory prefix) "bin")
        (setq prefix parent)
      (if (string= (file-name-nondirectory parent) "bin")
         (setq prefix (directory-file-name (file-name-directory parent)))))
    prefix) (error NONE)))) (write-region (if (stringp x) x (prin1-to-string x)) nil "./conftest-5945")) /usr/bin/emacs
Wrote /home/kouga/.emacs.d/el-get/auctex/conftest-5945
=> /usr
configure:2115: result: "/usr"
configure:2145: checking if Emacs is recent enough
/usr/bin/emacs -batch -no-site-file -eval (let* ((x (cond ((< emacs-major-version 21) "no")
			 ((> emacs-major-version 21) "yes")
			 ((< emacs-minor-version 01) "no")
			 (t "yes")))) (write-region (if (stringp x) x (prin1-to-string x)) nil "./conftest-5945"))
Wrote /home/kouga/.emacs.d/el-get/auctex/conftest-5945
=> yes
configure:2159: result: yes
configure:2169: checking for MULE support
/usr/bin/emacs -batch -eval (let* ((x (condition-case nil (require 'mule ) 	(error (prog1 nil (message "mule not found")))))) (write-region (if (stringp x) x (prin1-to-string x)) nil "./conftest-5945"))
Wrote /home/kouga/.emacs.d/el-get/auctex/conftest-5945
=> mule
configure:2203: result: yes
configure:2248: checking if build directory is valid
/usr/bin/emacs -batch -eval (let* ((x (if (or (member (directory-file-name default-directory) load-path)	      (member (file-name-as-directory default-directory) load-path))	 "no" "yes"))) (write-region (if (stringp x) x (prin1-to-string x)) nil "./conftest-5945"))
Wrote /home/kouga/.emacs.d/el-get/auctex/conftest-5945
=> yes
configure:2264: result: yes
configure:2352: checking where lisp files go
configure:2424: result: /home/kouga/.emacs.d/el-get/auctex
configure:2428: checking what file to use for auctex startup
configure:2455: result: /home/kouga/.emacs.d/el-get/auctex/auctex.el
configure:2473: checking where the package lisp files go
/usr/bin/emacs -batch -no-site-file -eval (let* ((path(pop command-line-args-left)) (lispdir(pop command-line-args-left)) (startup(pop command-line-args-left)) (target(pop command-line-args-left))(x (progn (setq path (directory-file-name path))
  (if (or target
          (not (string= (car load-path) (directory-file-name (car load-path)))))
    (setq path (file-name-as-directory path)))
  (setq path (expand-file-name path lispdir))
  (setq startupdir (file-name-directory (expand-file-name startup lispdir)))
  (prin1-to-string
    (if (or (string-match "\\`\\.\\."
              (setq relname (file-relative-name startupdir lispdir)))
            (file-name-absolute-p relname)
	    (string-match "\\`\\.\\."
              (setq relname (file-relative-name path lispdir)))
 	    (file-name-absolute-p relname))
	  (concat path target)
	(cond (target
	       `(expand-file-name
                   ,(file-relative-name (concat path target) startupdir)
	           (file-name-directory load-file-name)))
              ((string= path startupdir)
	         '(file-name-directory load-file-name))
	      ((string= path (directory-file-name startupdir))
                 '(directory-file-name (file-name-directory load-file-name)))
              (t
	       `(expand-file-name
                   ,(file-relative-name path startupdir)
	           (file-name-directory load-file-name))))))))) (write-region (if (stringp x) x (prin1-to-string x)) nil "./conftest-5945")) /home/kouga/.emacs.d/el-get/auctex/auctex /home/kouga/.emacs.d/el-get/auctex /home/kouga/.emacs.d/el-get/auctex/tex-site.el
Wrote /home/kouga/.emacs.d/el-get/auctex/conftest-5945
=> (expand-file-name "auctex" (file-name-directory load-file-name))
configure:2554: result: /home/kouga/.emacs.d/el-get/auctex/auctex
configure:2557: checking where the data files go
/usr/bin/emacs -batch -no-site-file -eval (let* ((path(pop command-line-args-left)) (lispdir(pop command-line-args-left)) (startup(pop command-line-args-left)) (target(pop command-line-args-left))(x (progn (setq path (directory-file-name path))
  (if (or target
          (not (string= (car load-path) (directory-file-name (car load-path)))))
    (setq path (file-name-as-directory path)))
  (setq path (expand-file-name path lispdir))
  (setq startupdir (file-name-directory (expand-file-name startup lispdir)))
  (prin1-to-string
    (if (or (string-match "\\`\\.\\."
              (setq relname (file-relative-name startupdir lispdir)))
            (file-name-absolute-p relname)
	    (string-match "\\`\\.\\."
              (setq relname (file-relative-name path lispdir)))
 	    (file-name-absolute-p relname))
	  (concat path target)
	(cond (target
	       `(expand-file-name
                   ,(file-relative-name (concat path target) startupdir)
	           (file-name-directory load-file-name)))
              ((string= path startupdir)
	         '(file-name-directory load-file-name))
	      ((string= path (directory-file-name startupdir))
                 '(directory-file-name (file-name-directory load-file-name)))
              (t
	       `(expand-file-name
                   ,(file-relative-name path startupdir)
	           (file-name-directory load-file-name))))))))) (write-region (if (stringp x) x (prin1-to-string x)) nil "./conftest-5945")) /home/kouga/.emacs.d/el-get/auctex/auctex /home/kouga/.emacs.d/el-get/auctex /home/kouga/.emacs.d/el-get/auctex/tex-site.el
Wrote /home/kouga/.emacs.d/el-get/auctex/conftest-5945
=> (expand-file-name "auctex" (file-name-directory load-file-name))
configure:2638: result: /home/kouga/.emacs.d/el-get/auctex/auctex
/usr/bin/emacs -batch -no-site-file -eval (let* ((path(pop command-line-args-left)) (lispdir(pop command-line-args-left)) (startup(pop command-line-args-left)) (target(pop command-line-args-left))(x (progn (setq path (directory-file-name path))
  (if (or target
          (not (string= (car load-path) (directory-file-name (car load-path)))))
    (setq path (file-name-as-directory path)))
  (setq path (expand-file-name path lispdir))
  (setq startupdir (file-name-directory (expand-file-name startup lispdir)))
  (prin1-to-string
    (if (or (string-match "\\`\\.\\."
              (setq relname (file-relative-name startupdir lispdir)))
            (file-name-absolute-p relname)
	    (string-match "\\`\\.\\."
              (setq relname (file-relative-name path lispdir)))
 	    (file-name-absolute-p relname))
	  (concat path target)
	(cond (target
	       `(expand-file-name
                   ,(file-relative-name (concat path target) startupdir)
	           (file-name-directory load-file-name)))
              ((string= path startupdir)
	         '(file-name-directory load-file-name))
	      ((string= path (directory-file-name startupdir))
                 '(directory-file-name (file-name-directory load-file-name)))
              (t
	       `(expand-file-name
                   ,(file-relative-name path startupdir)
	           (file-name-directory load-file-name))))))))) (write-region (if (stringp x) x (prin1-to-string x)) nil "./conftest-5945"))  /home/kouga/.emacs.d/el-get/auctex /home/kouga/.emacs.d/el-get/auctex/auctex.el tex-site.el
Wrote /home/kouga/.emacs.d/el-get/auctex/conftest-5945
=> (expand-file-name "tex-site.el" (file-name-directory load-file-name))
configure:2715: checking where the info files go
configure:2717: result: ${datarootdir}/info
configure:2728: checking where automatically generated global style hooks go
configure:2738: result: ${localstatedir}/auctex
/usr/bin/emacs -batch -no-site-file -eval (let* ((path(pop command-line-args-left)) (lispdir(pop command-line-args-left)) (startup(pop command-line-args-left)) (target(pop command-line-args-left))(x (progn (setq path (directory-file-name path))
  (if (or target
          (not (string= (car load-path) (directory-file-name (car load-path)))))
    (setq path (file-name-as-directory path)))
  (setq path (expand-file-name path lispdir))
  (setq startupdir (file-name-directory (expand-file-name startup lispdir)))
  (prin1-to-string
    (if (or (string-match "\\`\\.\\."
              (setq relname (file-relative-name startupdir lispdir)))
            (file-name-absolute-p relname)
	    (string-match "\\`\\.\\."
              (setq relname (file-relative-name path lispdir)))
 	    (file-name-absolute-p relname))
	  (concat path target)
	(cond (target
	       `(expand-file-name
                   ,(file-relative-name (concat path target) startupdir)
	           (file-name-directory load-file-name)))
              ((string= path startupdir)
	         '(file-name-directory load-file-name))
	      ((string= path (directory-file-name startupdir))
                 '(directory-file-name (file-name-directory load-file-name)))
              (t
	       `(expand-file-name
                   ,(file-relative-name path startupdir)
	           (file-name-directory load-file-name))))))))) (write-region (if (stringp x) x (prin1-to-string x)) nil "./conftest-5945")) /usr/local/var/auctex /home/kouga/.emacs.d/el-get/auctex /home/kouga/.emacs.d/el-get/auctex/tex-site.el
Wrote /home/kouga/.emacs.d/el-get/auctex/conftest-5945
=> "/usr/local/var/auctex"
configure:2818: checking for tex
configure:2836: found /usr/bin/tex
configure:2849: result: /usr/bin/tex
configure:2859: checking for pdftex
configure:2877: found /usr/bin/pdftex
configure:2890: result: /usr/bin/pdftex
configure:2900: checking for dvips
configure:2918: found /usr/bin/dvips
configure:2931: result: /usr/bin/dvips
configure:2946: checking for perl
configure:2964: found /usr/bin/perl
configure:2977: result: /usr/bin/perl
configure:2991: checking for makeinfo
configure:3009: found /usr/bin/makeinfo
configure:3022: result: /usr/bin/makeinfo
configure:3032: checking for texi2html
configure:3063: result: :
configure:3073: checking for texi2dvi
configure:3091: found /usr/bin/texi2dvi
configure:3104: result: /usr/bin/texi2dvi
configure:3114: checking for texi2pdf
configure:3132: found /usr/bin/texi2pdf
configure:3145: result: /usr/bin/texi2pdf
configure:3160: checking for install-info
configure:3178: found /usr/bin/install-info
configure:3191: result: /usr/bin/install-info
configure:3466: creating ./config.status

## ---------------------- ##
## Running config.status. ##
## ---------------------- ##

This file was extended by auctex config.status 11.87, which was
generated by GNU Autoconf 2.69.  Invocation command line was

  CONFIG_FILES    = 
  CONFIG_HEADERS  = 
  CONFIG_LINKS    = 
  CONFIG_COMMANDS = 
  $ ./config.status 

on kouga-arch

config.status:751: creating Makefile
config.status:751: creating tex-site.el.out
config.status:751: creating doc/Makefile
config.status:751: creating auctex.el
configure:4546: === configuring in preview (/home/kouga/.emacs.d/el-get/auctex/preview)
configure:4609: running /bin/sh ./configure --disable-option-checking '--prefix=/usr/local'  '--without-texmf-dir' '--with-lispdir=/home/kouga/.emacs.d/el-get/auctex' '--with-emacs=/usr/bin/emacs' --cache-file=/dev/null --srcdir=.

## ---------------- ##
## Cache variables. ##
## ---------------- ##

ac_cv_env_INSTALL_INFO_set=
ac_cv_env_INSTALL_INFO_value=
ac_cv_env_MAKEINFO_set=
ac_cv_env_MAKEINFO_value=
ac_cv_env_PERL_set=
ac_cv_env_PERL_value=
ac_cv_env_build_alias_set=
ac_cv_env_build_alias_value=
ac_cv_env_host_alias_set=
ac_cv_env_host_alias_value=
ac_cv_env_target_alias_set=
ac_cv_env_target_alias_value=
ac_cv_path_DVIPS=/usr/bin/dvips
ac_cv_path_EMACS=/usr/bin/emacs
ac_cv_path_INSTALL_INFO=/usr/bin/install-info
ac_cv_path_MAKEINFO=/usr/bin/makeinfo
ac_cv_path_PDFTEX=/usr/bin/pdftex
ac_cv_path_PERL=/usr/bin/perl
ac_cv_path_TEX=/usr/bin/tex
ac_cv_path_TEXI2DVI=/usr/bin/texi2dvi
ac_cv_path_TEXI2HTML=:
ac_cv_path_TEXI2PDF=/usr/bin/texi2pdf
ac_cv_path_install='/usr/bin/install -c'
ac_cv_prog_MAKECMD=make
ac_cv_prog_make_make_set=yes

## ----------------- ##
## Output variables. ##
## ----------------- ##

AUCTEXDATE='2013-06-06'
AUCTEXVERSION='2013-06-06'
DEFS='-DPACKAGE_NAME=\"auctex\" -DPACKAGE_TARNAME=\"auctex\" -DPACKAGE_VERSION=\"11.87\" -DPACKAGE_STRING=\"auctex\ 11.87\" -DPACKAGE_BUGREPORT=\"bug-auctex@gnu.org\" -DPACKAGE_URL=\"\"'
DVIPS='/usr/bin/dvips'
ECHO_C=''
ECHO_N='-n'
ECHO_T=''
EMACS='/usr/bin/emacs'
EMACS_FLAVOR='emacs'
HAVE_mule='yes'
INSTALL_DATA='${INSTALL} -m 644'
INSTALL_INFO='/usr/bin/install-info'
INSTALL_PROGRAM='${INSTALL}'
INSTALL_SCRIPT='${INSTALL}'
LIBOBJS=''
LIBS=''
LTLIBOBJS=''
MAKECMD='make'
MAKEINFO='/usr/bin/makeinfo'
MULEELC='tex-jp.elc'
MULESRC='tex-jp.el'
PACKAGE_BUGREPORT='bug-auctex@gnu.org'
PACKAGE_NAME='auctex'
PACKAGE_STRING='auctex 11.87'
PACKAGE_TARNAME='auctex'
PACKAGE_URL=''
PACKAGE_VERSION='11.87'
PATH_SEPARATOR=':'
PDFTEX='/usr/bin/pdftex'
PERL='/usr/bin/perl'
SET_MAKE=''
SHELL='/bin/sh'
TEX='/usr/bin/tex'
TEXI2DVI='/usr/bin/texi2dvi'
TEXI2HTML=':'
TEXI2PDF='/usr/bin/texi2pdf'
XEMACS='no'
auctexstartfile='/home/kouga/.emacs.d/el-get/auctex/auctex.el'
autodir='${localstatedir}/auctex'
bindir='${exec_prefix}/bin'
build_alias=''
datadir='${datarootdir}'
datarootdir='${prefix}/share'
docdir='${datarootdir}/doc/${PACKAGE_TARNAME}'
dvidir='${docdir}'
exec_prefix='${prefix}'
host_alias=''
htmldir='${docdir}'
includedir='${prefix}/include'
infodir='${datarootdir}/info'
libdir='${exec_prefix}/lib'
libexecdir='${exec_prefix}/libexec'
lispautodir='"/usr/local/var/auctex"'
lispdir='/home/kouga/.emacs.d/el-get/auctex'
lisppackagedatadir='(expand-file-name "auctex" (file-name-directory load-file-name))'
lisppackagelispdir='(expand-file-name "auctex" (file-name-directory load-file-name))'
lisptexsite='(expand-file-name "tex-site.el" (file-name-directory load-file-name))'
localedir='${datarootdir}/locale'
localstatedir='${prefix}/var'
mandir='${datarootdir}/man'
oldincludedir='/usr/include'
packagedatadir='/home/kouga/.emacs.d/el-get/auctex/auctex'
packagedir='no'
packagelispdir='/home/kouga/.emacs.d/el-get/auctex/auctex'
pdfdir='${docdir}'
prefix='/usr/local'
preview_enabled='yes'
program_transform_name='s,x,x,'
psdir='${docdir}'
sbindir='${exec_prefix}/sbin'
sharedstatedir='${prefix}/com'
subdirs=' preview'
sysconfdir='${prefix}/etc'
target_alias=''
texsite=''

## ----------- ##
## confdefs.h. ##
## ----------- ##

/* confdefs.h */
#define PACKAGE_NAME "auctex"
#define PACKAGE_TARNAME "auctex"
#define PACKAGE_VERSION "11.87"
#define PACKAGE_STRING "auctex 11.87"
#define PACKAGE_BUGREPORT "bug-auctex@gnu.org"
#define PACKAGE_URL ""

configure: exit 0
